Traceback (most recent call last):
  File "C:\Users\Sebastian\Desktop\pump_sensor_dash\jb_env\Lib\site-packages\jupyter_cache\executors\utils.py", line 58, in single_nb_execution
    executenb(
  File "C:\Users\Sebastian\Desktop\pump_sensor_dash\jb_env\Lib\site-packages\nbclient\client.py", line 1305, in execute
    return NotebookClient(nb=nb, resources=resources, km=km, **kwargs).execute()
           ^^^^^^^^^^^^^^^^^^^^^^^^^^^^^^^^^^^^^^^^^^^^^^^^^^^^^^^^^^^^^^^^^^^^^
  File "C:\Users\Sebastian\Desktop\pump_sensor_dash\jb_env\Lib\site-packages\jupyter_core\utils\__init__.py", line 165, in wrapped
    return loop.run_until_complete(inner)
           ^^^^^^^^^^^^^^^^^^^^^^^^^^^^^^
  File "C:\Users\Sebastian\AppData\Local\Python\pythoncore-3.11-64\Lib\asyncio\base_events.py", line 654, in run_until_complete
    return future.result()
           ^^^^^^^^^^^^^^^
  File "C:\Users\Sebastian\Desktop\pump_sensor_dash\jb_env\Lib\site-packages\nbclient\client.py", line 705, in async_execute
    await self.async_execute_cell(
  File "C:\Users\Sebastian\Desktop\pump_sensor_dash\jb_env\Lib\site-packages\nbclient\client.py", line 1058, in async_execute_cell
    await self._check_raise_for_error(cell, cell_index, exec_reply)
  File "C:\Users\Sebastian\Desktop\pump_sensor_dash\jb_env\Lib\site-packages\nbclient\client.py", line 914, in _check_raise_for_error
    raise CellExecutionError.from_cell_and_msg(cell, exec_reply_content)
nbclient.exceptions.CellExecutionError: An error occurred while executing the following cell:
------------------
import warnings
warnings.filterwarnings("ignore")

import numpy as np
import pandas as pd

import matplotlib.pyplot as plt
import seaborn as sns
import plotly.express as px
import plotly.graph_objects as go

from scipy.stats import skew, kurtosis, shapiro

pd.set_option("display.max_columns", 60)
pd.set_option("display.width", 160)
sns.set_theme(style="whitegrid")
print("LibrerĂ­as cargadas correctamente.")
------------------


[31m---------------------------------------------------------------------------[39m
[31mModuleNotFoundError[39m                       Traceback (most recent call last)
[36mCell[39m[36m [39m[32mIn[1][39m[32m, line 4[39m
[32m      1[39m [38;5;28;01mimport[39;00m warnings
[32m      2[39m warnings.filterwarnings([33m"ignore"[39m)
[32m      3[39m 
[32m----> [39m[32m4[39m [38;5;28;01mimport[39;00m numpy [38;5;28;01mas[39;00m np
[32m      5[39m [38;5;28;01mimport[39;00m pandas [38;5;28;01mas[39;00m pd
[32m      6[39m 
[32m      7[39m [38;5;28;01mimport[39;00m matplotlib.pyplot [38;5;28;01mas[39;00m plt

[31mModuleNotFoundError[39m: No module named 'numpy'

